SF:lib/data/datasources/tv_remote_data_source.dart
DA:24,1
DA:27,1
DA:29,5
DA:31,2
DA:32,4
DA:34,1
DA:39,1
DA:41,5
DA:43,2
DA:44,4
DA:46,1
DA:51,1
DA:52,5
DA:54,2
DA:55,3
DA:57,1
DA:62,1
DA:63,2
DA:64,3
DA:66,2
DA:67,4
DA:69,1
DA:74,1
DA:75,2
DA:76,3
DA:78,2
DA:79,4
DA:81,1
DA:86,1
DA:88,5
DA:90,2
DA:91,4
DA:93,1
DA:98,1
DA:100,2
DA:101,3
DA:103,2
DA:104,3
DA:106,1
LF:39
LH:39
end_of_record
SF:lib/data/models/tv_season_detail_model.dart
DA:6,2
DA:18,1
DA:19,1
DA:20,1
DA:21,1
DA:22,4
DA:23,1
DA:24,1
DA:26,0
DA:27,0
DA:28,0
DA:29,0
DA:30,0
DA:33,1
DA:34,1
DA:35,1
DA:36,5
DA:37,1
DA:38,1
DA:42,1
DA:43,5
LF:21
LH:16
end_of_record
SF:lib/data/models/tv_series_detail_model.dart
DA:7,2
DA:41,1
DA:42,1
DA:43,1
DA:44,1
DA:45,4
DA:46,1
DA:47,4
DA:48,1
DA:49,2
DA:50,1
DA:51,1
DA:52,1
DA:53,1
DA:54,2
DA:55,1
DA:56,1
DA:57,1
DA:58,2
DA:59,1
DA:62,1
DA:63,1
DA:64,1
DA:65,5
DA:66,5
DA:67,1
DA:68,1
DA:69,1
DA:70,1
DA:71,1
DA:72,1
DA:73,1
DA:74,1
DA:75,1
DA:76,1
DA:77,1
DA:80,1
DA:81,1
DA:82,1
DA:83,1
DA:84,1
DA:85,1
DA:86,1
DA:87,1
DA:88,1
DA:89,1
DA:90,1
DA:91,1
DA:92,1
DA:93,1
DA:94,1
LF:51
LH:51
end_of_record
SF:lib/data/models/tv_series_response.dart
DA:7,1
DA:9,1
DA:10,1
DA:11,2
DA:12,3
DA:13,3
DA:16,0
DA:17,0
DA:20,0
DA:21,0
LF:10
LH:6
end_of_record
SF:lib/data/datasources/tv_local_data_source.dart
DA:14,1
DA:17,1
DA:18,3
DA:20,1
DA:27,1
DA:28,3
DA:29,4
DA:33,1
DA:35,3
DA:38,2
DA:43,1
DA:45,3
DA:48,2
LF:13
LH:13
end_of_record
SF:lib/data/models/tv_series_model.dart
DA:5,2
DA:31,2
DA:32,1
DA:33,4
DA:34,1
DA:35,1
DA:36,1
DA:37,2
DA:38,1
DA:39,1
DA:40,1
DA:41,2
DA:42,1
DA:45,0
DA:46,0
DA:47,0
DA:48,0
DA:49,0
DA:50,0
DA:51,0
DA:52,0
DA:53,0
DA:54,0
DA:55,0
DA:56,0
DA:59,1
DA:60,1
DA:61,1
DA:62,1
DA:63,1
DA:64,1
DA:65,1
DA:66,1
DA:67,1
DA:68,1
DA:69,1
DA:70,1
DA:71,1
DA:75,1
DA:76,1
DA:77,1
DA:78,1
DA:79,1
DA:80,1
DA:81,1
DA:82,1
DA:83,1
DA:84,1
DA:85,1
DA:86,1
DA:87,1
LF:51
LH:39
end_of_record
SF:lib/data/models/tv_series_table.dart
DA:6,11
DA:15,2
DA:16,4
DA:18,2
DA:19,1
DA:20,1
DA:21,1
DA:22,1
DA:23,1
DA:26,0
DA:27,0
DA:28,0
DA:29,0
DA:30,0
DA:31,0
DA:34,2
DA:35,1
DA:36,1
DA:37,1
DA:38,1
DA:41,2
DA:42,12
LF:22
LH:16
end_of_record
SF:lib/domain/entities/tv_season_detail.dart
DA:5,11
DA:17,1
DA:18,5
LF:3
LH:3
end_of_record
SF:lib/domain/entities/tv_series.dart
DA:5,5
DA:19,1
DA:38,3
DA:39,3
DA:40,3
DA:41,3
DA:42,3
DA:43,3
DA:44,3
DA:45,3
DA:46,3
DA:47,3
DA:48,3
DA:49,3
DA:50,3
LF:15
LH:15
end_of_record
SF:lib/domain/entities/tv_series_detail.dart
DA:6,10
DA:38,1
DA:39,1
DA:40,1
DA:41,1
DA:42,1
DA:43,1
DA:44,1
DA:45,1
DA:46,1
DA:47,1
DA:48,1
DA:49,1
DA:50,1
DA:51,1
DA:52,1
DA:53,1
LF:17
LH:17
end_of_record
SF:lib/domain/entities/episode.dart
DA:4,10
DA:21,1
DA:23,8
LF:3
LH:3
end_of_record
SF:lib/domain/entities/genre.dart
DA:4,10
DA:12,1
DA:13,3
LF:3
LH:3
end_of_record
SF:lib/domain/entities/season.dart
DA:4,10
DA:19,1
DA:21,7
LF:3
LH:3
end_of_record
SF:lib/domain/usecases/get_now_playing_tv_series.dart
DA:9,1
DA:11,1
DA:12,2
LF:3
LH:3
end_of_record
SF:lib/presentations/cubit/now_playing_tv_state.dart
DA:4,2
DA:6,1
DA:7,1
DA:17,2
DA:19,1
DA:20,2
DA:26,1
DA:28,1
DA:29,2
LF:9
LH:9
end_of_record
SF:lib/presentations/cubit/now_playing_tv_cubit.dart
DA:9,3
DA:13,1
DA:14,2
DA:15,3
DA:17,2
DA:18,3
DA:19,1
DA:20,2
LF:8
LH:8
end_of_record
SF:lib/data/models/episode_model.dart
DA:5,2
DA:22,2
DA:23,1
DA:24,1
DA:25,1
DA:26,1
DA:27,1
DA:28,1
DA:29,1
DA:32,0
DA:33,0
DA:34,0
DA:35,0
DA:36,0
DA:37,0
DA:38,0
DA:39,0
DA:42,1
DA:43,1
DA:44,1
DA:45,1
DA:46,1
DA:47,1
DA:48,1
DA:49,1
DA:50,1
DA:53,1
DA:55,8
LF:28
LH:20
end_of_record
SF:lib/data/models/genre_model.dart
DA:5,2
DA:13,2
DA:14,1
DA:15,1
DA:23,1
DA:24,3
DA:27,1
DA:28,3
LF:8
LH:8
end_of_record
SF:lib/data/models/season_model.dart
DA:5,2
DA:20,2
DA:21,1
DA:22,1
DA:23,1
DA:24,1
DA:25,1
DA:26,1
DA:29,1
DA:30,1
DA:31,1
DA:32,1
DA:33,1
DA:34,1
DA:35,1
DA:36,1
DA:39,0
DA:41,0
LF:18
LH:16
end_of_record
SF:lib/domain/usecases/get_tv_series_detail.dart
DA:9,1
DA:11,1
DA:12,2
LF:3
LH:3
end_of_record
SF:lib/data/repositories/tv_series_repository_impl.dart
DA:17,1
DA:23,1
DA:26,2
DA:27,2
DA:28,1
DA:29,1
DA:30,3
DA:35,1
DA:36,3
DA:41,1
DA:43,3
DA:44,5
DA:45,1
DA:47,1
DA:53,1
DA:55,3
DA:56,5
DA:57,1
DA:59,1
DA:65,1
DA:67,3
DA:68,5
DA:69,1
DA:71,1
DA:77,1
DA:79,3
DA:80,2
DA:81,1
DA:83,1
DA:89,1
DA:92,3
DA:93,3
DA:94,1
DA:96,1
DA:102,1
DA:103,3
DA:104,5
DA:108,1
DA:110,3
DA:111,5
DA:112,1
DA:114,1
DA:120,1
DA:122,2
DA:123,2
DA:124,1
DA:125,1
DA:126,3
DA:133,1
DA:137,3
DA:138,2
DA:139,1
DA:141,1
LF:53
LH:53
end_of_record
SF:lib/domain/usecases/get_watchlist_tv_series_status.dart
DA:6,1
DA:8,1
DA:9,2
LF:3
LH:3
end_of_record
SF:lib/domain/usecases/remove_watchlist_tv_series.dart
DA:9,1
DA:11,1
DA:12,2
LF:3
LH:3
end_of_record
SF:lib/domain/usecases/save_watchlist_tv_series.dart
DA:9,1
DA:11,1
DA:12,2
LF:3
LH:3
end_of_record
SF:lib/presentations/cubit/tv_watchlist_state.dart
DA:5,2
DA:7,1
DA:8,1
DA:16,2
DA:18,1
DA:19,2
DA:25,2
DA:27,1
DA:28,2
LF:9
LH:9
end_of_record
SF:lib/presentations/cubit/tv_watchlist_cubit.dart
DA:21,1
DA:25,2
DA:27,1
DA:28,3
DA:29,2
DA:32,1
DA:33,3
DA:35,2
DA:36,1
DA:37,3
DA:39,1
DA:40,2
DA:44,2
DA:47,1
DA:48,3
DA:50,2
DA:51,1
DA:52,3
DA:54,1
DA:55,2
DA:59,2
LF:21
LH:21
end_of_record
SF:lib/domain/usecases/get_tv_series_recommendations.dart
DA:9,1
DA:11,1
DA:12,2
LF:3
LH:3
end_of_record
SF:lib/domain/usecases/get_watchlist_tv_series.dart
DA:9,1
DA:11,1
DA:12,2
LF:3
LH:3
end_of_record
SF:lib/domain/usecases/get_top_rated_tv_series.dart
DA:9,1
DA:11,1
DA:12,2
LF:3
LH:3
end_of_record
SF:lib/domain/usecases/get_tv_series_season_detail.dart
DA:9,1
DA:11,1
DA:13,2
LF:3
LH:3
end_of_record
SF:lib/domain/usecases/get_popular_tv_series.dart
DA:9,1
DA:11,1
DA:12,2
LF:3
LH:3
end_of_record
SF:lib/presentations/cubit/tv_detail_state.dart
DA:5,2
DA:7,1
DA:8,1
DA:18,2
DA:24,2
LF:5
LH:5
end_of_record
SF:lib/presentations/cubit/tv_detail_cubit.dart
DA:14,1
DA:17,2
DA:19,1
DA:20,2
DA:21,3
DA:23,1
DA:24,1
DA:25,3
DA:27,1
DA:28,2
LF:10
LH:10
end_of_record
SF:lib/presentations/cubit/tv_season_detail_state.dart
DA:5,2
DA:7,1
DA:8,1
DA:18,2
DA:24,2
LF:5
LH:5
end_of_record
SF:lib/presentations/cubit/tv_season_detail_cubit.dart
DA:12,1
DA:13,2
DA:15,1
DA:16,2
DA:19,3
DA:21,2
DA:22,3
DA:23,1
DA:24,2
LF:9
LH:9
end_of_record
SF:lib/presentations/cubit/top_rated_tv_state.dart
DA:5,2
DA:7,1
DA:8,1
DA:18,2
DA:24,1
LF:5
LH:5
end_of_record
SF:lib/presentations/cubit/top_rated_tv_cubit.dart
DA:12,3
DA:14,1
DA:15,2
DA:16,3
DA:18,2
DA:19,3
DA:20,1
DA:21,2
LF:8
LH:8
end_of_record
SF:lib/presentations/cubit/popular_tv_state.dart
DA:4,2
DA:6,1
DA:7,1
DA:17,2
DA:19,1
DA:20,2
DA:26,1
DA:28,1
DA:29,2
LF:9
LH:9
end_of_record
SF:lib/presentations/cubit/popular_tv_cubit.dart
DA:9,3
DA:13,1
DA:14,2
DA:15,3
DA:17,2
DA:18,3
DA:19,1
DA:20,2
LF:8
LH:8
end_of_record
